<?xml version="1.0" encoding="UTF-8"?>
<testsuite time='1.309127' skipped='0' failures='0' errors='4' name="UsersTest" assertions='0' tests='4' timestamp="2025-06-10T17:25:00-04:00">
  <testcase time='0.330366' file="test/system/users_test.rb" name="test_should_create_user" assertions='0'>
    <error type='ActionView::Template::Error' message="no implicit conversion of Array into String">app/views/layouts/application.html.erb:24
    </error>
  </testcase>
  <testcase time='0.329102' file="test/system/users_test.rb" name="test_should_destroy_User" assertions='0'>
    <error type='ActionView::Template::Error' message="no implicit conversion of Array into String">app/views/layouts/application.html.erb:24
    </error>
  </testcase>
  <testcase time='0.331187' file="test/system/users_test.rb" name="test_visiting_the_index" assertions='0'>
    <error type='ActionView::Template::Error' message="no implicit conversion of Array into String">app/views/layouts/application.html.erb:24
    </error>
  </testcase>
  <testcase time='0.318472' file="test/system/users_test.rb" name="test_should_update_User" assertions='0'>
    <error type='ActionView::Template::Error' message="no implicit conversion of Array into String">app/views/layouts/application.html.erb:24
    </error>
  </testcase>
</testsuite>
